[debug] [2023-04-01T09:54:08.902Z] ----------------------------------------------------------------------
[debug] [2023-04-01T09:54:08.907Z] Command:       C:\Program Files\nodejs\node.exe C:\Users\Acer\AppData\Roaming\npm\node_modules\firebase-tools\lib\bin\firebase.js init hosting
[debug] [2023-04-01T09:54:08.909Z] CLI Version:   11.21.0
[debug] [2023-04-01T09:54:08.910Z] Platform:      win32
[debug] [2023-04-01T09:54:08.910Z] Node Version:  v18.12.1
[debug] [2023-04-01T09:54:08.912Z] Time:          Sat Apr 01 2023 16:54:08 GMT+0700 (Waktu Indonesia Barat)
[debug] [2023-04-01T09:54:08.913Z] ----------------------------------------------------------------------
[debug] 
[debug] [2023-04-01T09:54:08.921Z] >>> [apiv2][query] GET https://firebase-public.firebaseio.com/cli.json [none]
[debug] [2023-04-01T09:54:09.016Z] > command requires scopes: ["email","openid","https://www.googleapis.com/auth/cloudplatformprojects.readonly","https://www.googleapis.com/auth/firebase","https://www.googleapis.com/auth/cloud-platform"]
[debug] [2023-04-01T09:54:09.017Z] > authorizing via signed-in user (eduardusoldi98@gmail.com)
[info] 
     ######## #### ########  ######## ########     ###     ######  ########
     ##        ##  ##     ## ##       ##     ##  ##   ##  ##       ##
     ######    ##  ########  ######   ########  #########  ######  ######
     ##        ##  ##    ##  ##       ##     ## ##     ##       ## ##
     ##       #### ##     ## ######## ########  ##     ##  ######  ########

You're about to initialize a Firebase project in this directory:

  E:\unsorted\codingcollective\cc-fullstack-knowledge\soal-1

[debug] [2023-04-01T09:54:09.654Z] <<< [apiv2][status] GET https://firebase-public.firebaseio.com/cli.json 200
[debug] [2023-04-01T09:54:09.655Z] <<< [apiv2][body] GET https://firebase-public.firebaseio.com/cli.json {"cloudBuildErrorAfter":1594252800000,"cloudBuildWarnAfter":1590019200000,"defaultNode10After":1594252800000,"minVersion":"3.0.5","node8DeploysDisabledAfter":1613390400000,"node8RuntimeDisabledAfter":1615809600000,"node8WarnAfter":1600128000000}
[info] 
=== Project Setup
[info] 
[info] First, let's associate this project directory with a Firebase project.
[info] You can create multiple project aliases by running firebase use --add, 
[info] but for now we'll just set up a default project.
[info] 
[info] 
=== Hosting Setup
[info] 
[info] Your public directory is the folder (relative to your project directory) that
[info] will contain Hosting assets to be uploaded with firebase deploy. If you
[info] have a build process for your assets, use your build's output directory.
[info] 
[debug] [2023-04-01T10:07:56.656Z] ----------------------------------------------------------------------
